Determining if the pthread_create exist failed with the following output:
Change Dir: /home/sam/NEW/SVO_edgelet/svo_edgelet/build/CMakeFiles/CMakeTmp

Run Build Command:"/usr/bin/make" "cmTC_20500/fast"
/usr/bin/make -f CMakeFiles/cmTC_20500.dir/build.make CMakeFiles/cmTC_20500.dir/build
make[1]: Entering directory '/home/sam/NEW/SVO_edgelet/svo_edgelet/build/CMakeFiles/CMakeTmp'
Building C object CMakeFiles/cmTC_20500.dir/CheckSymbolExists.c.o
/usr/lib/ccache/cc     -o CMakeFiles/cmTC_20500.dir/CheckSymbolExists.c.o   -c /home/sam/NEW/SVO_edgelet/svo_edgelet/build/CMakeFiles/CMakeTmp/CheckSymbolExists.c
Linking C executable cmTC_20500
/usr/bin/cmake -E cmake_link_script CMakeFiles/cmTC_20500.dir/link.txt --verbose=1
/usr/lib/ccache/cc       CMakeFiles/cmTC_20500.dir/CheckSymbolExists.c.o  -o cmTC_20500 -rdynamic 
CMakeFiles/cmTC_20500.dir/CheckSymbolExists.c.o: In function `main':
CheckSymbolExists.c:(.text+0x16): undefined reference to `pthread_create'
collect2: error: ld returned 1 exit status
CMakeFiles/cmTC_20500.dir/build.make:97: recipe for target 'cmTC_20500' failed
make[1]: *** [cmTC_20500] Error 1
make[1]: Leaving directory '/home/sam/NEW/SVO_edgelet/svo_edgelet/build/CMakeFiles/CMakeTmp'
Makefile:126: recipe for target 'cmTC_20500/fast' failed
make: *** [cmTC_20500/fast] Error 2

File /home/sam/NEW/SVO_edgelet/svo_edgelet/build/CMakeFiles/CMakeTmp/CheckSymbolExists.c:
/* */
#include <pthread.h>

int main(int argc, char** argv)
{
  (void)argv;
#ifndef pthread_create
  return ((int*)(&pthread_create))[argc];
#else
  (void)argc;
  return 0;
#endif
}

Determining if the function pthread_create exists in the pthreads failed with the following output:
Change Dir: /home/sam/NEW/SVO_edgelet/svo_edgelet/build/CMakeFiles/CMakeTmp

Run Build Command:"/usr/bin/make" "cmTC_1453a/fast"
/usr/bin/make -f CMakeFiles/cmTC_1453a.dir/build.make CMakeFiles/cmTC_1453a.dir/build
make[1]: Entering directory '/home/sam/NEW/SVO_edgelet/svo_edgelet/build/CMakeFiles/CMakeTmp'
Building C object CMakeFiles/cmTC_1453a.dir/CheckFunctionExists.c.o
/usr/lib/ccache/cc    -DCHECK_FUNCTION_EXISTS=pthread_create   -o CMakeFiles/cmTC_1453a.dir/CheckFunctionExists.c.o   -c /usr/share/cmake-3.5/Modules/CheckFunctionExists.c
Linking C executable cmTC_1453a
/usr/bin/cmake -E cmake_link_script CMakeFiles/cmTC_1453a.dir/link.txt --verbose=1
/usr/lib/ccache/cc   -DCHECK_FUNCTION_EXISTS=pthread_create    CMakeFiles/cmTC_1453a.dir/CheckFunctionExists.c.o  -o cmTC_1453a -rdynamic -lpthreads 
/usr/bin/ld: cannot find -lpthreads
collect2: error: ld returned 1 exit status
CMakeFiles/cmTC_1453a.dir/build.make:97: recipe for target 'cmTC_1453a' failed
make[1]: *** [cmTC_1453a] Error 1
make[1]: Leaving directory '/home/sam/NEW/SVO_edgelet/svo_edgelet/build/CMakeFiles/CMakeTmp'
Makefile:126: recipe for target 'cmTC_1453a/fast' failed
make: *** [cmTC_1453a/fast] Error 2


